\BOOKMARK [1][-]{section.1}{\376\377\000I\000n\000t\000r\000o\000d\000u\000c\000t\000i\000o\000n}{}% 1
\BOOKMARK [1][-]{section.2}{\376\377\000L\000e\000n\000g\000t\000h\000\040\000S\000c\000a\000l\000e\000\040\000a\000n\000d\000\040\000U\000n\000c\000e\000r\000t\000a\000i\000n\000t\000y}{}% 2
\BOOKMARK [2][-]{subsection.2.1}{\376\377\000C\000o\000n\000v\000e\000r\000s\000i\000o\000n\000\040\000o\000f\000\040\000I\000m\000a\000g\000e\000\040\000D\000i\000s\000t\000a\000n\000c\000e\000s\000\040\000t\000o\000\040\000P\000h\000y\000s\000i\000c\000a\000l\000\040\000S\000c\000a\000l\000e}{section.2}% 3
\BOOKMARK [2][-]{subsection.2.2}{\376\377\000U\000n\000c\000e\000r\000t\000a\000i\000n\000t\000i\000e\000s\000\040\000i\000n\000\040\000L\000e\000n\000g\000t\000h\000,\000\040\000T\000i\000m\000e\000,\000\040\000a\000n\000d\000\040\000V\000e\000l\000o\000c\000i\000t\000y}{section.2}% 4
\BOOKMARK [2][-]{subsection.2.3}{\376\377\000U\000n\000c\000e\000r\000t\000a\000i\000n\000t\000y\000\040\000P\000r\000o\000p\000a\000g\000a\000t\000i\000o\000n\000\040\000o\000f\000\040\000V\000e\000l\000o\000c\000i\000t\000y}{section.2}% 5
\BOOKMARK [2][-]{subsection.2.4}{\376\377\000N\000o\000n\040\020\000Q\000u\000a\000n\000t\000i\000f\000i\000a\000b\000l\000e\000\040\000E\000r\000r\000o\000r\000s\000\040\000a\000n\000d\000\040\000A\000s\000s\000u\000m\000p\000t\000i\000o\000n\000s}{section.2}% 6
\BOOKMARK [1][-]{section.3}{\376\377\000C\000h\000i\000p\000\040\000D\000e\000s\000i\000g\000n}{}% 7
\BOOKMARK [2][-]{subsection.3.1}{\376\377\000I\000m\000p\000e\000r\000f\000e\000c\000t\000i\000o\000n\000s\000\040\000a\000n\000d\000\040\000T\000h\000e\000i\000r\000\040\000F\000l\000o\000w\000\040\000E\000f\000f\000e\000c\000t\000s}{section.3}% 8
\BOOKMARK [2][-]{subsection.3.2}{\376\377\000E\000f\000f\000e\000c\000t\000s\000\040\000o\000f\000\040\000W\000a\000l\000l\000\040\000I\000m\000p\000e\000r\000f\000e\000c\000t\000i\000o\000n\000s}{section.3}% 9
\BOOKMARK [1][-]{section.4}{\376\377\000S\000t\000r\000a\000i\000g\000h\000t\000\040\000C\000h\000a\000n\000n\000e\000l\000s}{}% 10
\BOOKMARK [2][-]{subsection.4.1}{\376\377\000F\000l\000o\000w\000\040\000R\000e\000g\000i\000m\000e}{section.4}% 11
\BOOKMARK [2][-]{subsection.4.2}{\376\377\000V\000e\000l\000o\000c\000i\000t\000y\000\040\000M\000a\000x\000i\000m\000u\000m\000\040\000a\000n\000d\000\040\000G\000r\000a\000d\000i\000e\000n\000t}{section.4}% 12
\BOOKMARK [2][-]{subsection.4.3}{\376\377\000V\000e\000l\000o\000c\000i\000t\000y\000\040\000P\000r\000o\000f\000i\000l\000e\000\040\000\050\000D\000a\000t\000a\000\040\000R\000e\000q\000u\000i\000r\000e\000d\000\051}{section.4}% 13
\BOOKMARK [2][-]{subsection.4.4}{\376\377\000E\000x\000p\000e\000c\000t\000e\000d\000\040\000C\000u\000r\000v\000e\000\040\000T\000y\000p\000e}{section.4}% 14
\BOOKMARK [2][-]{subsection.4.5}{\376\377\000M\000a\000n\000i\000p\000u\000l\000a\000t\000i\000n\000g\000\040\000M\000e\000a\000n\000\040\000V\000e\000l\000o\000c\000i\000t\000y}{section.4}% 15
\BOOKMARK [2][-]{subsection.4.6}{\376\377\000V\000e\000l\000o\000c\000i\000t\000y\000\040\000v\000s\000.\000\040\000S\000y\000r\000i\000n\000g\000e\000\040\000H\000e\000i\000g\000h\000t\000\040\000\050\000D\000a\000t\000a\000\040\000R\000e\000q\000u\000i\000r\000e\000d\000\051}{section.4}% 16
\BOOKMARK [2][-]{subsection.4.7}{\376\377\000H\000a\000g\000e\000n\040\023\000P\000o\000i\000s\000e\000u\000i\000l\000l\000e\000:\000\040\000S\000y\000m\000b\000o\000l\000i\000c\000\040\000R\000e\000l\000a\000t\000i\000o\000n\000s\000h\000i\000p}{section.4}% 17
\BOOKMARK [2][-]{subsection.4.8}{\376\377\000B\000o\000n\000u\000s\000:\000\040\000B\000e\000r\000n\000o\000u\000l\000l\000i\000\040\000R\000e\000l\000a\000t\000i\000o\000n}{section.4}% 18
\BOOKMARK [1][-]{section.5}{\376\377\000C\000h\000a\000n\000n\000e\000l\000s\000\040\000o\000f\000\040\000D\000i\000f\000f\000e\000r\000e\000n\000t\000\040\000S\000i\000z\000e}{}% 19
\BOOKMARK [2][-]{subsection.5.1}{\376\377\000E\000x\000p\000e\000c\000t\000e\000d\000\040\000V\000e\000l\000o\000c\000i\000t\000y\000\040\000R\000a\000t\000i\000o}{section.5}% 20
\BOOKMARK [2][-]{subsection.5.2}{\376\377\000M\000e\000a\000s\000u\000r\000e\000d\000\040\000R\000a\000t\000i\000o\000\040\000\050\000D\000a\000t\000a\000\040\000R\000e\000q\000u\000i\000r\000e\000d\000\051}{section.5}% 21
\BOOKMARK [2][-]{subsection.5.3}{\376\377\000F\000l\000o\000w\000\040\000F\000e\000a\000t\000u\000r\000e\000s}{section.5}% 22
\BOOKMARK [2][-]{subsection.5.4}{\376\377\000T\000u\000r\000b\000u\000l\000e\000n\000c\000e}{section.5}% 23
\BOOKMARK [2][-]{subsection.5.5}{\376\377\000F\000l\000o\000w\000\040\000T\000r\000a\000n\000s\000i\000t\000i\000o\000n\000s\000\040\000i\000n\000\040\000E\000n\000g\000i\000n\000e\000e\000r\000i\000n\000g}{section.5}% 24
\BOOKMARK [1][-]{section.6}{\376\377\000C\000h\000a\000n\000n\000e\000l\000s\000\040\000w\000i\000t\000h\000\040\000B\000e\000n\000d\000s}{}% 25
\BOOKMARK [2][-]{subsection.6.1}{\376\377\000V\000e\000l\000o\000c\000i\000t\000y\000\040\000C\000h\000a\000n\000g\000e}{section.6}% 26
\BOOKMARK [2][-]{subsection.6.2}{\376\377\000F\000l\000o\000w\000\040\000F\000e\000a\000t\000u\000r\000e\000s}{section.6}% 27
\BOOKMARK [2][-]{subsection.6.3}{\376\377\000T\000u\000r\000b\000u\000l\000e\000n\000c\000e}{section.6}% 28
\BOOKMARK [2][-]{subsection.6.4}{\376\377\000C\000o\000n\000c\000a\000v\000e\000\040\000v\000s\000.\000\040\000C\000o\000n\000v\000e\000x\000\040\000C\000o\000r\000n\000e\000r\000s}{section.6}% 29
\BOOKMARK [1][-]{section.7}{\376\377\000C\000o\000n\000c\000l\000u\000s\000i\000o\000n}{}% 30
